生成启动时间为 2020/8/11 20:40:51。
     1>项目“F:\TEST\c-code\test_8_11\test_8_11\test_8_11.vcxproj”在节点 2 上(Build 个目标)。
     1>ClCompile:
         D:\VS2013\VC\bin\CL.exe /c /ZI /nologo /W3 /WX- /sdl /Od /Oy- /D _MBCS /Gm /EHsc /RTC1 /MDd /GS /fp:precise /Zc:wchar_t /Zc:forScope /Fo"Debug\\" /Fd"Debug\vc120.pdb" /Gd /TC /analyze- /errorReport:prompt test.c
         test.c
       Link:
         D:\VS2013\VC\bin\link.exe /ERRORREPORT:PROMPT /OUT:"F:\TEST\c-code\test_8_11\Debug\test_8_11.exe" /INCREMENTAL /NOLOGO kernel32.lib user32.lib gdi32.lib winspool.lib comdlg32.lib advapi32.lib shell32.lib ole32.lib oleaut32.lib uuid.lib odbc32.lib odbccp32.lib /MANIFEST /MANIFESTUAC:"level='asInvoker' uiAccess='false'" /manifest:embed /DEBUG /PDB:"F:\TEST\c-code\test_8_11\Debug\test_8_11.pdb" /SUBSYSTEM:CONSOLE /TLBID:1 /DYNAMICBASE /NXCOMPAT /IMPLIB:"F:\TEST\c-code\test_8_11\Debug\test_8_11.lib" /MACHINE:X86 Debug\test.obj
         Debug\test1.obj
     1>test1.obj : error LNK2005: _main 已经在 test.obj 中定义
     1>test1.obj : error LNK2005: _replace_space 已经在 test.obj 中定义
     1>F:\TEST\c-code\test_8_11\Debug\test_8_11.exe : fatal error LNK1169: 找到一个或多个多重定义的符号
     1>已完成生成项目“F:\TEST\c-code\test_8_11\test_8_11\test_8_11.vcxproj”(Build 个目标)的操作 - 失败。

生成失败。

已用时间 00:00:00.28
